<?xml version='1.0'?> 
<!DOCTYPE coverage SYSTEM "http://cobertura.sourceforge.net/xml/coverage-04.dtd">
<!-- Generated by simplecov-cobertura version 2.1.0 (https://github.com/dashingrocket/simplecov-cobertura) -->
<coverage line-rate="1.0" lines-covered="18" lines-valid="18" complexity="0" version="0" timestamp="1707628610">
  <sources>
    <source>/workspaces/AdminCentre2</source>
  </sources>
  <packages>
    <package name="AdminCentre2" line-rate="1.0" complexity="0">
      <classes>
        <class name="license_controller_test" filename="test/controllers/license_controller_test.rb" line-rate="1.0" complexity="0">
          <methods/>
          <lines>
            <line number="1" hits="2"/>
            <line number="3" hits="2"/>
          </lines>
        </class>
        <class name="user_blacklist_requests_controller_test" filename="test/controllers/user_blacklist_requests_controller_test.rb" line-rate="1.0" complexity="0">
          <methods/>
          <lines>
            <line number="1" hits="2"/>
            <line number="3" hits="2"/>
          </lines>
        </class>
        <class name="user_blacklists_controller_test" filename="test/controllers/user_blacklists_controller_test.rb" line-rate="1.0" complexity="0">
          <methods/>
          <lines>
            <line number="1" hits="2"/>
            <line number="3" hits="2"/>
          </lines>
        </class>
        <class name="admin_test" filename="test/models/admin_test.rb" line-rate="1.0" complexity="0">
          <methods/>
          <lines>
            <line number="1" hits="2"/>
            <line number="3" hits="2"/>
          </lines>
        </class>
        <class name="group_blacklist_test" filename="test/models/group_blacklist_test.rb" line-rate="1.0" complexity="0">
          <methods/>
          <lines>
            <line number="1" hits="2"/>
            <line number="3" hits="2"/>
          </lines>
        </class>
        <class name="ip_ban_test" filename="test/models/ip_ban_test.rb" line-rate="1.0" complexity="0">
          <methods/>
          <lines>
            <line number="1" hits="2"/>
            <line number="3" hits="2"/>
          </lines>
        </class>
        <class name="license_test" filename="test/models/license_test.rb" line-rate="1.0" complexity="0">
          <methods/>
          <lines>
            <line number="1" hits="2"/>
            <line number="3" hits="2"/>
          </lines>
        </class>
        <class name="user_blacklist_request_test" filename="test/models/user_blacklist_request_test.rb" line-rate="1.0" complexity="0">
          <methods/>
          <lines>
            <line number="1" hits="2"/>
            <line number="3" hits="2"/>
          </lines>
        </class>
        <class name="user_blacklist_test" filename="test/models/user_blacklist_test.rb" line-rate="1.0" complexity="0">
          <methods/>
          <lines>
            <line number="1" hits="2"/>
            <line number="3" hits="2"/>
          </lines>
        </class>
      </classes>
    </package>
  </packages>
</coverage>